Build started 23/10/2016 5:45:40 p.m..
     1>Project "C:\Users\USER\Desktop\SVN\teams\miguelsonicvivian\Project 1\BasicGameTemplate\BasicGameTemplate.vcxproj" on node 2 (Build target(s)).
     1>ClCompile:
         C:\Program Files (x86)\Microsoft Visual Studio 12.0\VC\bin\x86_amd64\CL.exe /c /I"C:\Users\USER\Desktop\SVN\teams\miguelsonicvivian\Project 1\\DirectXTK\Inc" /I"C:\Program Files (x86)\Visual Leak Detector\include" /Zi /nologo /W3 /WX- /Od /D WIN32 /D _DEBUG /D _WINDOWS /D _UNICODE /D UNICODE /Gm /EHsc /RTC1 /MDd /GS /fp:fast /Zc:wchar_t /Zc:forScope /Yc"pch.h" /Fp"x64\Debug\BasicGameTemplate.pch" /Fo"x64\Debug\\" /Fd"x64\Debug\vc120.pdb" /Gd /TP /errorReport:prompt pch.cpp
         pch.cpp
     1>c:\users\user\desktop\svn\teams\miguelsonicvivian\project 1\basicgametemplate\pch.h(25): warning C4005: '_WIN32_WINNT' : macro redefinition
                 C:\Program Files (x86)\Windows Kits\8.1\Include\shared\sdkddkver.h(200) : see previous definition of '_WIN32_WINNT'
         C:\Program Files (x86)\Microsoft Visual Studio 12.0\VC\bin\x86_amd64\CL.exe /c /I"C:\Users\USER\Desktop\SVN\teams\miguelsonicvivian\Project 1\\DirectXTK\Inc" /I"C:\Program Files (x86)\Visual Leak Detector\include" /Zi /nologo /W3 /WX- /Od /D WIN32 /D _DEBUG /D _WINDOWS /D _UNICODE /D UNICODE /Gm /EHsc /RTC1 /MDd /GS /fp:fast /Zc:wchar_t /Zc:forScope /Yu"pch.h" /Fp"x64\Debug\BasicGameTemplate.pch" /Fo"x64\Debug\\" /Fd"x64\Debug\vc120.pdb" /Gd /TP /errorReport:prompt ActorData.cpp Camera.cpp CapturedInputData.cpp DeviceResources.cpp Entity.cpp Game.cpp InputController.cpp Main.cpp ModelController.cpp ModelData.cpp Parser.cpp PhysXController.cpp SoundController.cpp TextConsole.cpp TextController.cpp
         TextController.cpp
         TextConsole.cpp
         SoundController.cpp
     1>c:\users\user\desktop\svn\teams\miguelsonicvivian\project 1\basicgametemplate\SoundController.h(6): fatal error C1083: Cannot open include file: 'fmod.hpp': No such file or directory
         PhysXController.cpp
     1>c:\users\user\desktop\svn\teams\miguelsonicvivian\project 1\basicgametemplate\PhysXController.h(12): fatal error C1083: Cannot open include file: 'PxPhysicsAPI.h': No such file or directory
         Parser.cpp
     1>c:\users\user\desktop\svn\teams\miguelsonicvivian\project 1\basicgametemplate\Parser.h(13): fatal error C1083: Cannot open include file: 'document.h': No such file or directory
         ModelData.cpp
         ModelController.cpp
     1>ModelController.cpp(11): fatal error C1083: Cannot open include file: 'PxRigidActor.h': No such file or directory
         Main.cpp
     1>c:\users\user\desktop\svn\teams\miguelsonicvivian\project 1\basicgametemplate\PhysXController.h(12): fatal error C1083: Cannot open include file: 'PxPhysicsAPI.h': No such file or directory
         InputController.cpp
     1>c:\users\user\desktop\svn\teams\miguelsonicvivian\project 1\basicgametemplate\Entity.h(14): fatal error C1083: Cannot open include file: 'PxPhysicsAPI.h': No such file or directory
         Game.cpp
     1>c:\users\user\desktop\svn\teams\miguelsonicvivian\project 1\basicgametemplate\PhysXController.h(12): fatal error C1083: Cannot open include file: 'PxPhysicsAPI.h': No such file or directory
         Entity.cpp
     1>c:\users\user\desktop\svn\teams\miguelsonicvivian\project 1\basicgametemplate\Entity.h(14): fatal error C1083: Cannot open include file: 'PxPhysicsAPI.h': No such file or directory
         DeviceResources.cpp
         CapturedInputData.cpp
     1>c:\users\user\desktop\svn\teams\miguelsonicvivian\project 1\basicgametemplate\CapturedInputData.h(10): fatal error C1083: Cannot open include file: 'PxPhysicsAPI.h': No such file or directory
         Camera.cpp
         ActorData.cpp
     1>c:\users\user\desktop\svn\teams\miguelsonicvivian\project 1\basicgametemplate\ActorData.h(12): fatal error C1083: Cannot open include file: 'geometry/PxBoxGeometry.h': No such file or directory
         Generating Code...
     1>Done Building Project "C:\Users\USER\Desktop\SVN\teams\miguelsonicvivian\Project 1\BasicGameTemplate\BasicGameTemplate.vcxproj" (Build target(s)) -- FAILED.

Build FAILED.

Time Elapsed 00:00:05.50
