Build started 4/10/2016 1:52:57 p.m..
     1>Project "C:\Users\USER\Documents\GitHub\Team-Project-GP\Project 1\BasicGameTemplate\BasicGameTemplate.vcxproj" on node 2 (Build target(s)).
     1>ClCompile:
         C:\Program Files (x86)\Microsoft Visual Studio 12.0\VC\bin\CL.exe /c /I"C:\Users\USER\Documents\GitHub\Team-Project-GP\Project 1\\DirectXTK\Inc" /I"C:\Program Files (x86)\Visual Leak Detector\include" /ZI /nologo /W3 /WX- /Od /Oy- /D WIN32 /D _DEBUG /D _WINDOWS /D _UNICODE /D UNICODE /Gm /EHsc /RTC1 /MDd /GS /arch:SSE2 /fp:fast /Zc:wchar_t /Zc:forScope /GR /Yc"pch.h" /Fp"Debug\BasicGameTemplate.pch" /Fo"Debug\\" /Fd"Debug\vc120.pdb" /Gd /TP /analyze- /errorReport:prompt pch.cpp
         pch.cpp
     1>c:\users\user\documents\github\team-project-gp\project 1\basicgametemplate\pch.h(25): warning C4005: '_WIN32_WINNT' : macro redefinition
                 c:\program files (x86)\windows kits\8.1\include\shared\sdkddkver.h(200) : see previous definition of '_WIN32_WINNT'
         C:\Program Files (x86)\Microsoft Visual Studio 12.0\VC\bin\CL.exe /c /I"C:\Users\USER\Documents\GitHub\Team-Project-GP\Project 1\\DirectXTK\Inc" /I"C:\Program Files (x86)\Visual Leak Detector\include" /ZI /nologo /W3 /WX- /Od /Oy- /D WIN32 /D _DEBUG /D _WINDOWS /D _UNICODE /D UNICODE /Gm /EHsc /RTC1 /MDd /GS /arch:SSE2 /fp:fast /Zc:wchar_t /Zc:forScope /GR /Yu"pch.h" /Fp"Debug\BasicGameTemplate.pch" /Fo"Debug\\" /Fd"Debug\vc120.pdb" /Gd /TP /analyze- /errorReport:prompt DeviceResources.cpp Game.cpp Main.cpp ModelController.cpp PhysXController.cpp
         PhysXController.cpp
     1>c:\users\user\documents\github\team-project-gp\project 1\basicgametemplate\physxcontroller.cpp(32): error C3861: 'fatalError': identifier not found
     1>c:\users\user\documents\github\team-project-gp\project 1\basicgametemplate\physxcontroller.cpp(36): error C2065: 'mProfileZoneManager' : undeclared identifier
     1>c:\users\user\documents\github\team-project-gp\project 1\basicgametemplate\physxcontroller.cpp(36): error C2653: 'PxProfileZoneManager' : is not a class or namespace name
     1>c:\users\user\documents\github\team-project-gp\project 1\basicgametemplate\physxcontroller.cpp(36): error C3861: 'createProfileZoneManager': identifier not found
     1>c:\users\user\documents\github\team-project-gp\project 1\basicgametemplate\physxcontroller.cpp(37): error C2065: 'mProfileZoneManager' : undeclared identifier
     1>c:\users\user\documents\github\team-project-gp\project 1\basicgametemplate\physxcontroller.cpp(38): error C3861: 'fatalError': identifier not found
     1>c:\users\user\documents\github\team-project-gp\project 1\basicgametemplate\physxcontroller.cpp(41): error C2065: 'mProfileZoneManager' : undeclared identifier
     1>c:\users\user\documents\github\team-project-gp\project 1\basicgametemplate\physxcontroller.cpp(41): error C3861: 'PxTolerancesScale': identifier not found
     1>c:\users\user\documents\github\team-project-gp\project 1\basicgametemplate\physxcontroller.cpp(43): error C3861: 'fatalError': identifier not found
     1>c:\users\user\documents\github\team-project-gp\project 1\basicgametemplate\physxcontroller.cpp(46): error C2065: 'mCooking' : undeclared identifier
     1>c:\users\user\documents\github\team-project-gp\project 1\basicgametemplate\physxcontroller.cpp(46): error C2065: 'scale' : undeclared identifier
     1>c:\users\user\documents\github\team-project-gp\project 1\basicgametemplate\physxcontroller.cpp(46): error C3861: 'PxCookingParams': identifier not found
     1>c:\users\user\documents\github\team-project-gp\project 1\basicgametemplate\physxcontroller.cpp(47): error C2065: 'mCooking' : undeclared identifier
     1>c:\users\user\documents\github\team-project-gp\project 1\basicgametemplate\physxcontroller.cpp(48): error C3861: 'fatalError': identifier not found
     1>c:\users\user\documents\github\team-project-gp\project 1\basicgametemplate\physxcontroller.cpp(62): error C2065: 'scene' : undeclared identifier
     1>c:\users\user\documents\github\team-project-gp\project 1\basicgametemplate\physxcontroller.cpp(62): error C2227: left of '->simulate' must point to class/struct/union/generic type
                 type is 'unknown-type'
     1>c:\users\user\documents\github\team-project-gp\project 1\basicgametemplate\physxcontroller.cpp(62): error C2065: 'dt' : undeclared identifier
     1>c:\users\user\documents\github\team-project-gp\project 1\basicgametemplate\physxcontroller.cpp(63): error C2065: 'scene' : undeclared identifier
     1>c:\users\user\documents\github\team-project-gp\project 1\basicgametemplate\physxcontroller.cpp(63): error C2227: left of '->fetchResults' must point to class/struct/union/generic type
                 type is 'unknown-type'
         Generating Code...
         Skipping... (no relevant changes detected)
         ModelController.cpp
         Main.cpp
         Game.cpp
         DeviceResources.cpp
     1>Done Building Project "C:\Users\USER\Documents\GitHub\Team-Project-GP\Project 1\BasicGameTemplate\BasicGameTemplate.vcxproj" (Build target(s)) -- FAILED.

Build FAILED.

Time Elapsed 00:00:04.35
